{"/media/edgar/DATA/ReactProjects/react-testing-training-program/web/src/App.js": {"path":"/media/edgar/DATA/ReactProjects/react-testing-training-program/web/src/App.js","statementMap":{"0":{"start":{"line":12,"column":17},"end":{"line":24,"column":1}},"1":{"start":{"line":13,"column":1},"end":{"line":23,"column":2}},"2":{"start":{"line":26,"column":18},"end":{"line":35,"column":1}},"3":{"start":{"line":27,"column":1},"end":{"line":34,"column":2}}},"fnMap":{"0":{"name":"(anonymous_0)","decl":{"start":{"line":12,"column":17},"end":{"line":12,"column":18}},"loc":{"start":{"line":12,"column":23},"end":{"line":24,"column":1}},"line":12},"1":{"name":"(anonymous_1)","decl":{"start":{"line":26,"column":18},"end":{"line":26,"column":19}},"loc":{"start":{"line":26,"column":24},"end":{"line":35,"column":1}},"line":26}},"branchMap":{},"s":{"0":0,"1":0,"2":0,"3":0},"f":{"0":0,"1":0},"b":{}}
,"/media/edgar/DATA/ReactProjects/react-testing-training-program/web/src/components/ReduxTest.js": {"path":"/media/edgar/DATA/ReactProjects/react-testing-training-program/web/src/components/ReduxTest.js","statementMap":{"0":{"start":{"line":6,"column":18},"end":{"line":27,"column":1}},"1":{"start":{"line":8,"column":17},"end":{"line":8,"column":35}},"2":{"start":{"line":9,"column":17},"end":{"line":9,"column":37}},"3":{"start":{"line":10,"column":4},"end":{"line":10,"column":72}},"4":{"start":{"line":12,"column":24},"end":{"line":14,"column":7}},"5":{"start":{"line":13,"column":10},"end":{"line":13,"column":30}},"6":{"start":{"line":16,"column":4},"end":{"line":26,"column":5}},"7":{"start":{"line":19,"column":37},"end":{"line":19,"column":76}},"8":{"start":{"line":22,"column":41},"end":{"line":22,"column":113}},"9":{"start":{"line":30,"column":24},"end":{"line":34,"column":1}},"10":{"start":{"line":31,"column":4},"end":{"line":33,"column":5}},"11":{"start":{"line":36,"column":27},"end":{"line":42,"column":1}},"12":{"start":{"line":37,"column":4},"end":{"line":41,"column":5}},"13":{"start":{"line":38,"column":29},"end":{"line":38,"column":62}},"14":{"start":{"line":39,"column":35},"end":{"line":39,"column":64}},"15":{"start":{"line":40,"column":33},"end":{"line":40,"column":56}}},"fnMap":{"0":{"name":"(anonymous_0)","decl":{"start":{"line":6,"column":18},"end":{"line":6,"column":19}},"loc":{"start":{"line":6,"column":53},"end":{"line":27,"column":1}},"line":6},"1":{"name":"(anonymous_1)","decl":{"start":{"line":12,"column":24},"end":{"line":12,"column":25}},"loc":{"start":{"line":12,"column":34},"end":{"line":14,"column":7}},"line":12},"2":{"name":"(anonymous_2)","decl":{"start":{"line":19,"column":25},"end":{"line":19,"column":26}},"loc":{"start":{"line":19,"column":37},"end":{"line":19,"column":76}},"line":19},"3":{"name":"(anonymous_3)","decl":{"start":{"line":22,"column":27},"end":{"line":22,"column":28}},"loc":{"start":{"line":22,"column":41},"end":{"line":22,"column":113}},"line":22},"4":{"name":"(anonymous_4)","decl":{"start":{"line":30,"column":24},"end":{"line":30,"column":25}},"loc":{"start":{"line":30,"column":33},"end":{"line":34,"column":1}},"line":30},"5":{"name":"(anonymous_5)","decl":{"start":{"line":36,"column":27},"end":{"line":36,"column":28}},"loc":{"start":{"line":36,"column":39},"end":{"line":42,"column":1}},"line":36},"6":{"name":"(anonymous_6)","decl":{"start":{"line":38,"column":19},"end":{"line":38,"column":20}},"loc":{"start":{"line":38,"column":29},"end":{"line":38,"column":62}},"line":38},"7":{"name":"(anonymous_7)","decl":{"start":{"line":39,"column":20},"end":{"line":39,"column":21}},"loc":{"start":{"line":39,"column":35},"end":{"line":39,"column":64}},"line":39},"8":{"name":"(anonymous_8)","decl":{"start":{"line":40,"column":27},"end":{"line":40,"column":28}},"loc":{"start":{"line":40,"column":33},"end":{"line":40,"column":56}},"line":40}},"branchMap":{"0":{"loc":{"start":{"line":10,"column":17},"end":{"line":10,"column":72}},"type":"cond-expr","locations":[{"start":{"line":10,"column":43},"end":{"line":10,"column":48}},{"start":{"line":10,"column":52},"end":{"line":10,"column":72}}],"line":10},"1":{"loc":{"start":{"line":22,"column":80},"end":{"line":22,"column":108}},"type":"cond-expr","locations":[{"start":{"line":22,"column":88},"end":{"line":22,"column":93}},{"start":{"line":22,"column":96},"end":{"line":22,"column":108}}],"line":22}},"s":{"0":1,"1":1,"2":1,"3":1,"4":1,"5":0,"6":1,"7":14,"8":14,"9":1,"10":1,"11":1,"12":1,"13":0,"14":0,"15":0},"f":{"0":1,"1":0,"2":14,"3":14,"4":1,"5":1,"6":0,"7":0,"8":0},"b":{"0":[1,0],"1":[9,5]},"_coverageSchema":"1a1c01bbd47fc00a2c39e90264f33305004495a9","hash":"9810708185ddecc9dd1baaa1d91add9a84e1d108"}
,"/media/edgar/DATA/ReactProjects/react-testing-training-program/web/src/redux/rootReducer.js": {"path":"/media/edgar/DATA/ReactProjects/react-testing-training-program/web/src/redux/rootReducer.js","statementMap":{"0":{"start":{"line":4,"column":20},"end":{"line":6,"column":2}}},"fnMap":{},"branchMap":{},"s":{"0":1},"f":{},"b":{},"_coverageSchema":"1a1c01bbd47fc00a2c39e90264f33305004495a9","hash":"71c47f077ccc4bf29185df422d6d317e55cb2d66"}
,"/media/edgar/DATA/ReactProjects/react-testing-training-program/web/src/redux/Movie/movieActions.js": {"path":"/media/edgar/DATA/ReactProjects/react-testing-training-program/web/src/redux/Movie/movieActions.js","statementMap":{"0":{"start":{"line":18,"column":33},"end":{"line":23,"column":1}},"1":{"start":{"line":19,"column":4},"end":{"line":22,"column":5}},"2":{"start":{"line":25,"column":34},"end":{"line":29,"column":1}},"3":{"start":{"line":26,"column":4},"end":{"line":28,"column":5}},"4":{"start":{"line":32,"column":34},"end":{"line":37,"column":1}},"5":{"start":{"line":33,"column":4},"end":{"line":36,"column":5}},"6":{"start":{"line":39,"column":32},"end":{"line":44,"column":1}},"7":{"start":{"line":40,"column":4},"end":{"line":43,"column":5}},"8":{"start":{"line":46,"column":34},"end":{"line":50,"column":1}},"9":{"start":{"line":47,"column":4},"end":{"line":49,"column":5}},"10":{"start":{"line":53,"column":34},"end":{"line":58,"column":1}},"11":{"start":{"line":54,"column":4},"end":{"line":57,"column":5}},"12":{"start":{"line":60,"column":32},"end":{"line":65,"column":1}},"13":{"start":{"line":61,"column":4},"end":{"line":64,"column":5}},"14":{"start":{"line":67,"column":32},"end":{"line":71,"column":1}},"15":{"start":{"line":68,"column":4},"end":{"line":70,"column":5}},"16":{"start":{"line":74,"column":32},"end":{"line":79,"column":1}},"17":{"start":{"line":75,"column":4},"end":{"line":78,"column":5}},"18":{"start":{"line":81,"column":30},"end":{"line":86,"column":1}},"19":{"start":{"line":82,"column":4},"end":{"line":85,"column":5}},"20":{"start":{"line":88,"column":34},"end":{"line":92,"column":1}},"21":{"start":{"line":89,"column":4},"end":{"line":91,"column":5}},"22":{"start":{"line":95,"column":34},"end":{"line":99,"column":1}},"23":{"start":{"line":96,"column":4},"end":{"line":98,"column":5}},"24":{"start":{"line":101,"column":32},"end":{"line":106,"column":1}},"25":{"start":{"line":102,"column":4},"end":{"line":105,"column":5}},"26":{"start":{"line":110,"column":27},"end":{"line":123,"column":1}},"27":{"start":{"line":111,"column":4},"end":{"line":122,"column":5}},"28":{"start":{"line":112,"column":8},"end":{"line":112,"column":36}},"29":{"start":{"line":113,"column":8},"end":{"line":121,"column":14}},"30":{"start":{"line":115,"column":31},"end":{"line":115,"column":44}},"31":{"start":{"line":116,"column":16},"end":{"line":116,"column":52}},"32":{"start":{"line":119,"column":30},"end":{"line":119,"column":39}},"33":{"start":{"line":120,"column":16},"end":{"line":120,"column":49}},"34":{"start":{"line":125,"column":24},"end":{"line":138,"column":1}},"35":{"start":{"line":126,"column":4},"end":{"line":137,"column":5}},"36":{"start":{"line":127,"column":8},"end":{"line":127,"column":38}},"37":{"start":{"line":128,"column":8},"end":{"line":136,"column":14}},"38":{"start":{"line":130,"column":30},"end":{"line":130,"column":43}},"39":{"start":{"line":131,"column":16},"end":{"line":131,"column":51}},"40":{"start":{"line":134,"column":30},"end":{"line":134,"column":39}},"41":{"start":{"line":135,"column":16},"end":{"line":135,"column":49}},"42":{"start":{"line":140,"column":25},"end":{"line":153,"column":1}},"43":{"start":{"line":141,"column":4},"end":{"line":152,"column":5}},"44":{"start":{"line":142,"column":8},"end":{"line":142,"column":36}},"45":{"start":{"line":143,"column":8},"end":{"line":151,"column":14}},"46":{"start":{"line":145,"column":30},"end":{"line":145,"column":43}},"47":{"start":{"line":146,"column":16},"end":{"line":146,"column":49}},"48":{"start":{"line":149,"column":30},"end":{"line":149,"column":39}},"49":{"start":{"line":150,"column":16},"end":{"line":150,"column":47}},"50":{"start":{"line":155,"column":27},"end":{"line":167,"column":1}},"51":{"start":{"line":156,"column":4},"end":{"line":166,"column":5}},"52":{"start":{"line":157,"column":8},"end":{"line":157,"column":38}},"53":{"start":{"line":158,"column":8},"end":{"line":165,"column":14}},"54":{"start":{"line":160,"column":16},"end":{"line":160,"column":46}},"55":{"start":{"line":163,"column":30},"end":{"line":163,"column":39}},"56":{"start":{"line":164,"column":16},"end":{"line":164,"column":49}}},"fnMap":{"0":{"name":"(anonymous_0)","decl":{"start":{"line":18,"column":33},"end":{"line":18,"column":34}},"loc":{"start":{"line":18,"column":46},"end":{"line":23,"column":1}},"line":18},"1":{"name":"(anonymous_1)","decl":{"start":{"line":25,"column":34},"end":{"line":25,"column":35}},"loc":{"start":{"line":25,"column":40},"end":{"line":29,"column":1}},"line":25},"2":{"name":"(anonymous_2)","decl":{"start":{"line":32,"column":34},"end":{"line":32,"column":35}},"loc":{"start":{"line":32,"column":46},"end":{"line":37,"column":1}},"line":32},"3":{"name":"(anonymous_3)","decl":{"start":{"line":39,"column":32},"end":{"line":39,"column":33}},"loc":{"start":{"line":39,"column":43},"end":{"line":44,"column":1}},"line":39},"4":{"name":"(anonymous_4)","decl":{"start":{"line":46,"column":34},"end":{"line":46,"column":35}},"loc":{"start":{"line":46,"column":40},"end":{"line":50,"column":1}},"line":46},"5":{"name":"(anonymous_5)","decl":{"start":{"line":53,"column":34},"end":{"line":53,"column":35}},"loc":{"start":{"line":53,"column":45},"end":{"line":58,"column":1}},"line":53},"6":{"name":"(anonymous_6)","decl":{"start":{"line":60,"column":32},"end":{"line":60,"column":33}},"loc":{"start":{"line":60,"column":43},"end":{"line":65,"column":1}},"line":60},"7":{"name":"(anonymous_7)","decl":{"start":{"line":67,"column":32},"end":{"line":67,"column":33}},"loc":{"start":{"line":67,"column":38},"end":{"line":71,"column":1}},"line":67},"8":{"name":"(anonymous_8)","decl":{"start":{"line":74,"column":32},"end":{"line":74,"column":33}},"loc":{"start":{"line":74,"column":43},"end":{"line":79,"column":1}},"line":74},"9":{"name":"(anonymous_9)","decl":{"start":{"line":81,"column":30},"end":{"line":81,"column":31}},"loc":{"start":{"line":81,"column":41},"end":{"line":86,"column":1}},"line":81},"10":{"name":"(anonymous_10)","decl":{"start":{"line":88,"column":34},"end":{"line":88,"column":35}},"loc":{"start":{"line":88,"column":40},"end":{"line":92,"column":1}},"line":88},"11":{"name":"(anonymous_11)","decl":{"start":{"line":95,"column":34},"end":{"line":95,"column":35}},"loc":{"start":{"line":95,"column":40},"end":{"line":99,"column":1}},"line":95},"12":{"name":"(anonymous_12)","decl":{"start":{"line":101,"column":32},"end":{"line":101,"column":33}},"loc":{"start":{"line":101,"column":43},"end":{"line":106,"column":1}},"line":101},"13":{"name":"(anonymous_13)","decl":{"start":{"line":110,"column":27},"end":{"line":110,"column":28}},"loc":{"start":{"line":110,"column":40},"end":{"line":123,"column":1}},"line":110},"14":{"name":"(anonymous_14)","decl":{"start":{"line":111,"column":11},"end":{"line":111,"column":12}},"loc":{"start":{"line":111,"column":25},"end":{"line":122,"column":5}},"line":111},"15":{"name":"(anonymous_15)","decl":{"start":{"line":114,"column":18},"end":{"line":114,"column":19}},"loc":{"start":{"line":114,"column":25},"end":{"line":117,"column":13}},"line":114},"16":{"name":"(anonymous_16)","decl":{"start":{"line":118,"column":19},"end":{"line":118,"column":20}},"loc":{"start":{"line":118,"column":24},"end":{"line":121,"column":13}},"line":118},"17":{"name":"(anonymous_17)","decl":{"start":{"line":125,"column":24},"end":{"line":125,"column":25}},"loc":{"start":{"line":125,"column":34},"end":{"line":138,"column":1}},"line":125},"18":{"name":"(anonymous_18)","decl":{"start":{"line":126,"column":11},"end":{"line":126,"column":12}},"loc":{"start":{"line":126,"column":25},"end":{"line":137,"column":5}},"line":126},"19":{"name":"(anonymous_19)","decl":{"start":{"line":129,"column":18},"end":{"line":129,"column":19}},"loc":{"start":{"line":129,"column":25},"end":{"line":132,"column":13}},"line":129},"20":{"name":"(anonymous_20)","decl":{"start":{"line":133,"column":19},"end":{"line":133,"column":20}},"loc":{"start":{"line":133,"column":24},"end":{"line":136,"column":13}},"line":133},"21":{"name":"(anonymous_21)","decl":{"start":{"line":140,"column":25},"end":{"line":140,"column":26}},"loc":{"start":{"line":140,"column":35},"end":{"line":153,"column":1}},"line":140},"22":{"name":"(anonymous_22)","decl":{"start":{"line":141,"column":11},"end":{"line":141,"column":12}},"loc":{"start":{"line":141,"column":25},"end":{"line":152,"column":5}},"line":141},"23":{"name":"(anonymous_23)","decl":{"start":{"line":144,"column":18},"end":{"line":144,"column":19}},"loc":{"start":{"line":144,"column":25},"end":{"line":147,"column":13}},"line":144},"24":{"name":"(anonymous_24)","decl":{"start":{"line":148,"column":19},"end":{"line":148,"column":20}},"loc":{"start":{"line":148,"column":24},"end":{"line":151,"column":13}},"line":148},"25":{"name":"(anonymous_25)","decl":{"start":{"line":155,"column":27},"end":{"line":155,"column":28}},"loc":{"start":{"line":155,"column":35},"end":{"line":167,"column":1}},"line":155},"26":{"name":"(anonymous_26)","decl":{"start":{"line":156,"column":11},"end":{"line":156,"column":12}},"loc":{"start":{"line":156,"column":25},"end":{"line":166,"column":5}},"line":156},"27":{"name":"(anonymous_27)","decl":{"start":{"line":159,"column":18},"end":{"line":159,"column":19}},"loc":{"start":{"line":159,"column":25},"end":{"line":161,"column":13}},"line":159},"28":{"name":"(anonymous_28)","decl":{"start":{"line":162,"column":19},"end":{"line":162,"column":20}},"loc":{"start":{"line":162,"column":24},"end":{"line":165,"column":13}},"line":162}},"branchMap":{"0":{"loc":{"start":{"line":113,"column":57},"end":{"line":113,"column":79}},"type":"cond-expr","locations":[{"start":{"line":113,"column":67},"end":{"line":113,"column":74}},{"start":{"line":113,"column":77},"end":{"line":113,"column":79}}],"line":113}},"s":{"0":1,"1":0,"2":1,"3":1,"4":1,"5":2,"6":1,"7":0,"8":1,"9":1,"10":1,"11":2,"12":1,"13":0,"14":1,"15":1,"16":1,"17":0,"18":1,"19":2,"20":1,"21":1,"22":1,"23":0,"24":1,"25":2,"26":1,"27":1,"28":1,"29":1,"30":1,"31":1,"32":0,"33":0,"34":1,"35":1,"36":1,"37":1,"38":1,"39":1,"40":0,"41":0,"42":1,"43":1,"44":1,"45":1,"46":0,"47":0,"48":1,"49":1,"50":1,"51":1,"52":1,"53":1,"54":0,"55":1,"56":1},"f":{"0":0,"1":1,"2":2,"3":0,"4":1,"5":2,"6":0,"7":1,"8":0,"9":2,"10":1,"11":0,"12":2,"13":1,"14":1,"15":1,"16":0,"17":1,"18":1,"19":1,"20":0,"21":1,"22":1,"23":0,"24":1,"25":1,"26":1,"27":0,"28":1},"b":{"0":[0,1]},"_coverageSchema":"1a1c01bbd47fc00a2c39e90264f33305004495a9","hash":"bb8cc59f3664a280cd4ce5c6d2cafec414bfc603"}
,"/media/edgar/DATA/ReactProjects/react-testing-training-program/web/src/redux/Movie/movieReducer.js": {"path":"/media/edgar/DATA/ReactProjects/react-testing-training-program/web/src/redux/Movie/movieReducer.js","statementMap":{"0":{"start":{"line":17,"column":28},"end":{"line":32,"column":1}},"1":{"start":{"line":34,"column":16},"end":{"line":130,"column":1}},"2":{"start":{"line":35,"column":4},"end":{"line":129,"column":5}},"3":{"start":{"line":37,"column":12},"end":{"line":40,"column":13}},"4":{"start":{"line":43,"column":12},"end":{"line":46,"column":13}},"5":{"start":{"line":49,"column":12},"end":{"line":54,"column":13}},"6":{"start":{"line":57,"column":12},"end":{"line":62,"column":13}},"7":{"start":{"line":65,"column":12},"end":{"line":68,"column":13}},"8":{"start":{"line":71,"column":12},"end":{"line":76,"column":13}},"9":{"start":{"line":79,"column":12},"end":{"line":84,"column":13}},"10":{"start":{"line":87,"column":12},"end":{"line":90,"column":13}},"11":{"start":{"line":93,"column":12},"end":{"line":98,"column":13}},"12":{"start":{"line":101,"column":12},"end":{"line":106,"column":13}},"13":{"start":{"line":109,"column":12},"end":{"line":112,"column":13}},"14":{"start":{"line":115,"column":12},"end":{"line":119,"column":13}},"15":{"start":{"line":122,"column":12},"end":{"line":126,"column":13}},"16":{"start":{"line":128,"column":17},"end":{"line":128,"column":29}}},"fnMap":{"0":{"name":"(anonymous_0)","decl":{"start":{"line":34,"column":16},"end":{"line":34,"column":17}},"loc":{"start":{"line":34,"column":50},"end":{"line":130,"column":1}},"line":34}},"branchMap":{"0":{"loc":{"start":{"line":34,"column":17},"end":{"line":34,"column":37}},"type":"default-arg","locations":[{"start":{"line":34,"column":25},"end":{"line":34,"column":37}}],"line":34},"1":{"loc":{"start":{"line":35,"column":4},"end":{"line":129,"column":5}},"type":"switch","locations":[{"start":{"line":36,"column":8},"end":{"line":40,"column":13}},{"start":{"line":42,"column":8},"end":{"line":46,"column":13}},{"start":{"line":48,"column":8},"end":{"line":54,"column":13}},{"start":{"line":56,"column":8},"end":{"line":62,"column":13}},{"start":{"line":64,"column":8},"end":{"line":68,"column":13}},{"start":{"line":70,"column":8},"end":{"line":76,"column":13}},{"start":{"line":78,"column":8},"end":{"line":84,"column":13}},{"start":{"line":86,"column":8},"end":{"line":90,"column":13}},{"start":{"line":92,"column":8},"end":{"line":98,"column":13}},{"start":{"line":100,"column":8},"end":{"line":106,"column":13}},{"start":{"line":108,"column":8},"end":{"line":112,"column":13}},{"start":{"line":114,"column":8},"end":{"line":119,"column":13}},{"start":{"line":121,"column":8},"end":{"line":126,"column":13}},{"start":{"line":128,"column":8},"end":{"line":128,"column":29}}],"line":35}},"s":{"0":1,"1":1,"2":3,"3":0,"4":0,"5":0,"6":0,"7":0,"8":0,"9":0,"10":0,"11":0,"12":0,"13":0,"14":0,"15":0,"16":3},"f":{"0":3},"b":{"0":[2],"1":[0,0,0,0,0,0,0,0,0,0,0,0,0,3]},"_coverageSchema":"1a1c01bbd47fc00a2c39e90264f33305004495a9","hash":"36b2e26cc97c2bffd4891f46e627d805de21a7c0"}
}
