TN:
SF:src/App.js
FN:12,(anonymous_0)
FN:26,(anonymous_1)
FNF:2
FNH:0
FNDA:0,(anonymous_0)
FNDA:0,(anonymous_1)
DA:12,0
DA:13,0
DA:26,0
DA:27,0
LF:4
LH:0
BRF:0
BRH:0
end_of_record
TN:
SF:src/components/ReduxTest.js
FN:6,(anonymous_0)
FN:12,(anonymous_1)
FN:19,(anonymous_2)
FN:22,(anonymous_3)
FN:30,(anonymous_4)
FN:36,(anonymous_5)
FN:38,(anonymous_6)
FN:39,(anonymous_7)
FN:40,(anonymous_8)
FNF:9
FNH:5
FNDA:1,(anonymous_0)
FNDA:0,(anonymous_1)
FNDA:14,(anonymous_2)
FNDA:14,(anonymous_3)
FNDA:1,(anonymous_4)
FNDA:1,(anonymous_5)
FNDA:0,(anonymous_6)
FNDA:0,(anonymous_7)
FNDA:0,(anonymous_8)
DA:6,1
DA:8,1
DA:9,1
DA:10,1
DA:12,1
DA:13,0
DA:16,1
DA:19,14
DA:22,14
DA:30,1
DA:31,1
DA:36,1
DA:37,1
DA:38,0
DA:39,0
DA:40,0
LF:16
LH:12
BRDA:10,0,0,1
BRDA:10,0,1,0
BRDA:22,1,0,9
BRDA:22,1,1,5
BRF:4
BRH:3
end_of_record
TN:
SF:src/redux/rootReducer.js
FNF:0
FNH:0
DA:4,1
LF:1
LH:1
BRF:0
BRH:0
end_of_record
TN:
SF:src/redux/Movie/movieActions.js
FN:18,(anonymous_0)
FN:25,(anonymous_1)
FN:32,(anonymous_2)
FN:39,(anonymous_3)
FN:46,(anonymous_4)
FN:53,(anonymous_5)
FN:60,(anonymous_6)
FN:67,(anonymous_7)
FN:74,(anonymous_8)
FN:81,(anonymous_9)
FN:88,(anonymous_10)
FN:95,(anonymous_11)
FN:101,(anonymous_12)
FN:110,(anonymous_13)
FN:111,(anonymous_14)
FN:114,(anonymous_15)
FN:118,(anonymous_16)
FN:125,(anonymous_17)
FN:126,(anonymous_18)
FN:129,(anonymous_19)
FN:133,(anonymous_20)
FN:140,(anonymous_21)
FN:141,(anonymous_22)
FN:144,(anonymous_23)
FN:148,(anonymous_24)
FN:155,(anonymous_25)
FN:156,(anonymous_26)
FN:159,(anonymous_27)
FN:162,(anonymous_28)
FNF:29
FNH:20
FNDA:0,(anonymous_0)
FNDA:1,(anonymous_1)
FNDA:2,(anonymous_2)
FNDA:0,(anonymous_3)
FNDA:1,(anonymous_4)
FNDA:2,(anonymous_5)
FNDA:0,(anonymous_6)
FNDA:1,(anonymous_7)
FNDA:0,(anonymous_8)
FNDA:2,(anonymous_9)
FNDA:1,(anonymous_10)
FNDA:0,(anonymous_11)
FNDA:2,(anonymous_12)
FNDA:1,(anonymous_13)
FNDA:1,(anonymous_14)
FNDA:1,(anonymous_15)
FNDA:0,(anonymous_16)
FNDA:1,(anonymous_17)
FNDA:1,(anonymous_18)
FNDA:1,(anonymous_19)
FNDA:0,(anonymous_20)
FNDA:1,(anonymous_21)
FNDA:1,(anonymous_22)
FNDA:0,(anonymous_23)
FNDA:1,(anonymous_24)
FNDA:1,(anonymous_25)
FNDA:1,(anonymous_26)
FNDA:0,(anonymous_27)
FNDA:1,(anonymous_28)
DA:18,1
DA:19,0
DA:25,1
DA:26,1
DA:32,1
DA:33,2
DA:39,1
DA:40,0
DA:46,1
DA:47,1
DA:53,1
DA:54,2
DA:60,1
DA:61,0
DA:67,1
DA:68,1
DA:74,1
DA:75,0
DA:81,1
DA:82,2
DA:88,1
DA:89,1
DA:95,1
DA:96,0
DA:101,1
DA:102,2
DA:110,1
DA:111,1
DA:112,1
DA:113,1
DA:115,1
DA:116,1
DA:119,0
DA:120,0
DA:125,1
DA:126,1
DA:127,1
DA:128,1
DA:130,1
DA:131,1
DA:134,0
DA:135,0
DA:140,1
DA:141,1
DA:142,1
DA:143,1
DA:145,0
DA:146,0
DA:149,1
DA:150,1
DA:155,1
DA:156,1
DA:157,1
DA:158,1
DA:160,0
DA:163,1
DA:164,1
LF:57
LH:45
BRDA:113,0,0,0
BRDA:113,0,1,1
BRF:2
BRH:1
end_of_record
TN:
SF:src/redux/Movie/movieReducer.js
FN:34,(anonymous_0)
FNF:1
FNH:1
FNDA:3,(anonymous_0)
DA:17,1
DA:34,1
DA:35,3
DA:37,0
DA:43,0
DA:49,0
DA:57,0
DA:65,0
DA:71,0
DA:79,0
DA:87,0
DA:93,0
DA:101,0
DA:109,0
DA:115,0
DA:122,0
DA:128,3
LF:17
LH:4
BRDA:34,0,0,2
BRDA:35,1,0,0
BRDA:35,1,1,0
BRDA:35,1,2,0
BRDA:35,1,3,0
BRDA:35,1,4,0
BRDA:35,1,5,0
BRDA:35,1,6,0
BRDA:35,1,7,0
BRDA:35,1,8,0
BRDA:35,1,9,0
BRDA:35,1,10,0
BRDA:35,1,11,0
BRDA:35,1,12,0
BRDA:35,1,13,3
BRF:15
BRH:2
end_of_record
